<?xml version="1.0" encoding="UTF-8"?>
<testsuite xmlns:xsi="http://www.w3.org/2001/XMLSchema-instance" xsi:noNamespaceSchemaLocation="https://maven.apache.org/surefire/maven-surefire-plugin/xsd/surefire-test-report-3.0.xsd" version="3.0" name="QuantityMeasurementAppTest" time="0.079" tests="12" errors="0" skipped="0" failures="0">
  <properties>
[...]
</properties>
  <testcase name="testQuantityLengthEquality" classname="QuantityMeasurementAppTest" time="0.033"/>
  <testcase name="testConversion_InvalidUnit_Throws" classname="QuantityMeasurementAppTest" time="0.002"/>
  <testcase name="testConversion_ZeroValue" classname="QuantityMeasurementAppTest" time="0.002"/>
  <testcase name="testConversion_FeatToYard" classname="QuantityMeasurementAppTest" time="0.001"/>
  <testcase name="testConversion_NegativeValue" classname="QuantityMeasurementAppTest" time="0.0"/>
  <testcase name="testConversion_RoundTrip_PreservesValue" classname="QuantityMeasurementAppTest" time="0.001"/>
  <testcase name="testConversion_FeetToInches" classname="QuantityMeasurementAppTest" time="0.001"/>
  <testcase name="testConversion_InchesToYards" classname="QuantityMeasurementAppTest" time="0.001"/>
  <testcase name="testConversion_InchesToFeet" classname="QuantityMeasurementAppTest" time="0.001"/>
  <testcase name="testConversion_CentimetersToInches" classname="QuantityMeasurementAppTest" time="0.001"/>
  <testcase name="testConversion_NaNOrInfinite_Throws" classname="QuantityMeasurementAppTest" time="0.001"/>
  <testcase name="testConversion_YardsToInches" classname="QuantityMeasurementAppTest" time="0.0"/>
</testsuite>