<?xml version="1.0" encoding="UTF-8"?>
<testsuite xmlns:xsi="http://www.w3.org/2001/XMLSchema-instance" xsi:noNamespaceSchemaLocation="https://maven.apache.org/surefire/maven-surefire-plugin/xsd/surefire-test-report-3.0.xsd" version="3.0" name="QuantityLengthTest" time="0.138" tests="9" errors="0" skipped="0" failures="0">
  <properties>
[...]
</properties>
  <testcase name="testInvalidUnit" classname="QuantityLengthTest" time="0.051"/>
  <testcase name="testEquality_InchToInch_SameValue" classname="QuantityLengthTest" time="0.005"/>
  <testcase name="testEquality_FeetToFeet_DifferentValue" classname="QuantityLengthTest" time="0.007"/>
  <testcase name="testEquality_InchToFeet_EquivalentValue" classname="QuantityLengthTest" time="0.003"/>
  <testcase name="testEquality_FeetToFeet_SameValue" classname="QuantityLengthTest" time="0.001"/>
  <testcase name="testEquality_SameReference" classname="QuantityLengthTest" time="0.003"/>
  <testcase name="testEquality_NullComparison" classname="QuantityLengthTest" time="0.005"/>
  <testcase name="testEquality_FeetToInch_EquivalentValue" classname="QuantityLengthTest" time="0.003"/>
  <testcase name="testEquality_InchToInch_DifferentValue" classname="QuantityLengthTest" time="0.002"/>
</testsuite>